<?xml version="1.0" encoding="UTF-8"?>
<!-- Generated by org.testng.reporters.JUnitXMLReporter -->
<testsuite ignored="4" hostname="DESKTOP-PAVFC2D" failures="0" tests="1" name="Default test" time="0.172" errors="0" timestamp="2025-02-20T00:16:44 IST">
  <testcase classname="TestNG.TestCases" name="tc1" time="0.011"/>
  <testcase classname="TestNG.TestCases" name="tc3" time="0.0">
    <ignored/>
  </testcase> <!-- tc3 -->
  <testcase classname="TestNG.TestCases" name="tc5" time="0.0">
    <ignored/>
  </testcase> <!-- tc5 -->
  <testcase classname="TestNG.TestCases" name="tc2" time="0.0">
    <ignored/>
  </testcase> <!-- tc2 -->
  <testcase classname="TestNG.TestCases" name="tc4" time="0.0">
    <ignored/>
  </testcase> <!-- tc4 -->
</testsuite> <!-- Default test -->
