<?xml version="1.0" encoding="UTF-8"?>
<!-- Generated by org.testng.reporters.JUnitXMLReporter -->
<testsuite ignored="2" hostname="DESKTOP-PAVFC2D" failures="0" tests="10" name="Test" time="0.251" errors="0" timestamp="2025-02-20T22:44:41 IST">
  <testcase classname="TestNG.TestCases" name="tc1" time="0.004"/>
  <testcase classname="TestNG.TestCases" name="tc3" time="0.003"/>
  <testcase classname="TestNG.TestCases" name="tc4" time="0.009"/>
  <testcase classname="TestNG.TestCases" name="tc5" time="0.002"/>
  <testcase classname="TestNG.TestCases" name="tc2" time="0.005"/>
  <testcase classname="TestNG.TestCases2" name="tc1" time="0.001"/>
  <testcase classname="TestNG.TestCases2" name="tc3" time="0.002"/>
  <testcase classname="TestNG.TestCases2" name="tc4" time="0.001"/>
  <testcase classname="TestNG.TestCases2" name="tc5" time="0.001"/>
  <testcase classname="TestNG.TestCases2" name="tc2" time="0.001"/>
  <testcase classname="TestNG.BaseClass" name="@AfterTest afterTest" time="0.0">
    <ignored/>
  </testcase> <!-- @AfterTest afterTest -->
  <testcase classname="TestNG.BaseClass" name="@BeforeTest beforeTest" time="0.0">
    <ignored/>
  </testcase> <!-- @BeforeTest beforeTest -->
</testsuite> <!-- Test -->
