<?xml version="1.0" encoding="UTF-8"?>
<testng-results ignored="2" total="12" passed="10" failed="0" skipped="0">
  <reporter-output>
  </reporter-output>
  <suite started-at="2025-02-20T22:44:41 IST" name="Suite" finished-at="2025-02-20T22:44:41 IST" duration-ms="251">
    <groups>
      <group name="regression">
        <method signature="TestCases.tc1()[pri:0, instance:TestNG.TestCases@61df66b6]" name="tc1" class="TestNG.TestCases"/>
        <method signature="TestCases2.tc1()[pri:0, instance:TestNG.TestCases2@20deea7f]" name="tc1" class="TestNG.TestCases2"/>
        <method signature="TestCases2.tc3()[pri:0, instance:TestNG.TestCases2@20deea7f]" name="tc3" class="TestNG.TestCases2"/>
        <method signature="TestCases2.tc4()[pri:0, instance:TestNG.TestCases2@20deea7f]" name="tc4" class="TestNG.TestCases2"/>
        <method signature="TestCases2.tc5()[pri:0, instance:TestNG.TestCases2@20deea7f]" name="tc5" class="TestNG.TestCases2"/>
        <method signature="TestCases2.tc2()[pri:2, instance:TestNG.TestCases2@20deea7f]" name="tc2" class="TestNG.TestCases2"/>
      </group> <!-- regression -->
      <group name="sanity">
        <method signature="TestCases.tc1()[pri:0, instance:TestNG.TestCases@61df66b6]" name="tc1" class="TestNG.TestCases"/>
      </group> <!-- sanity -->
    </groups>
    <test started-at="2025-02-20T22:44:41 IST" name="Test" finished-at="2025-02-20T22:44:41 IST" duration-ms="251">
      <class name="TestNG.TestCases2">
        <test-method is-config="true" signature="befor()[pri:0, instance:TestNG.TestCases2@20deea7f]" started-at="2025-02-20T22:44:41 IST" name="befor" finished-at="2025-02-20T22:44:41 IST" duration-ms="1" status="PASS">
          <reporter-output>
          </reporter-output>
        </test-method> <!-- befor -->
        <test-method signature="tc1()[pri:0, instance:TestNG.TestCases2@20deea7f]" started-at="2025-02-20T22:44:41 IST" name="tc1" finished-at="2025-02-20T22:44:41 IST" duration-ms="1" status="PASS">
          <reporter-output>
          </reporter-output>
        </test-method> <!-- tc1 -->
        <test-method is-config="true" signature="after()[pri:0, instance:TestNG.TestCases2@20deea7f]" started-at="2025-02-20T22:44:41 IST" name="after" finished-at="2025-02-20T22:44:41 IST" duration-ms="1" status="PASS">
          <reporter-output>
          </reporter-output>
        </test-method> <!-- after -->
        <test-method signature="tc3()[pri:0, instance:TestNG.TestCases2@20deea7f]" started-at="2025-02-20T22:44:41 IST" name="tc3" finished-at="2025-02-20T22:44:41 IST" duration-ms="2" status="PASS">
          <reporter-output>
          </reporter-output>
        </test-method> <!-- tc3 -->
        <test-method is-config="true" signature="befor()[pri:0, instance:TestNG.TestCases2@20deea7f]" started-at="2025-02-20T22:44:41 IST" name="befor" finished-at="2025-02-20T22:44:41 IST" duration-ms="0" status="PASS">
          <reporter-output>
          </reporter-output>
        </test-method> <!-- befor -->
        <test-method is-config="true" signature="after()[pri:0, instance:TestNG.TestCases2@20deea7f]" started-at="2025-02-20T22:44:41 IST" name="after" finished-at="2025-02-20T22:44:41 IST" duration-ms="1" status="PASS">
          <reporter-output>
          </reporter-output>
        </test-method> <!-- after -->
        <test-method is-config="true" signature="befor()[pri:0, instance:TestNG.TestCases2@20deea7f]" started-at="2025-02-20T22:44:41 IST" name="befor" finished-at="2025-02-20T22:44:41 IST" duration-ms="1" status="PASS">
          <reporter-output>
          </reporter-output>
        </test-method> <!-- befor -->
        <test-method signature="tc4()[pri:0, instance:TestNG.TestCases2@20deea7f]" started-at="2025-02-20T22:44:41 IST" name="tc4" finished-at="2025-02-20T22:44:41 IST" duration-ms="1" status="PASS">
          <reporter-output>
          </reporter-output>
        </test-method> <!-- tc4 -->
        <test-method is-config="true" signature="after()[pri:0, instance:TestNG.TestCases2@20deea7f]" started-at="2025-02-20T22:44:41 IST" name="after" finished-at="2025-02-20T22:44:41 IST" duration-ms="1" status="PASS">
          <reporter-output>
          </reporter-output>
        </test-method> <!-- after -->
        <test-method is-config="true" signature="befor()[pri:0, instance:TestNG.TestCases2@20deea7f]" started-at="2025-02-20T22:44:41 IST" name="befor" finished-at="2025-02-20T22:44:41 IST" duration-ms="1" status="PASS">
          <reporter-output>
          </reporter-output>
        </test-method> <!-- befor -->
        <test-method signature="tc5()[pri:0, instance:TestNG.TestCases2@20deea7f]" started-at="2025-02-20T22:44:41 IST" name="tc5" finished-at="2025-02-20T22:44:41 IST" duration-ms="1" status="PASS">
          <reporter-output>
          </reporter-output>
        </test-method> <!-- tc5 -->
        <test-method is-config="true" signature="after()[pri:0, instance:TestNG.TestCases2@20deea7f]" started-at="2025-02-20T22:44:41 IST" name="after" finished-at="2025-02-20T22:44:41 IST" duration-ms="0" status="PASS">
          <reporter-output>
          </reporter-output>
        </test-method> <!-- after -->
        <test-method signature="tc2()[pri:2, instance:TestNG.TestCases2@20deea7f]" started-at="2025-02-20T22:44:41 IST" name="tc2" finished-at="2025-02-20T22:44:41 IST" duration-ms="1" status="PASS">
          <reporter-output>
          </reporter-output>
        </test-method> <!-- tc2 -->
        <test-method is-config="true" signature="befor()[pri:0, instance:TestNG.TestCases2@20deea7f]" started-at="2025-02-20T22:44:41 IST" name="befor" finished-at="2025-02-20T22:44:41 IST" duration-ms="0" status="PASS">
          <reporter-output>
          </reporter-output>
        </test-method> <!-- befor -->
        <test-method is-config="true" signature="after()[pri:0, instance:TestNG.TestCases2@20deea7f]" started-at="2025-02-20T22:44:41 IST" name="after" finished-at="2025-02-20T22:44:41 IST" duration-ms="1" status="PASS">
          <reporter-output>
          </reporter-output>
        </test-method> <!-- after -->
      </class> <!-- TestNG.TestCases2 -->
      <class name="TestNG.TestCases">
        <test-method is-config="true" signature="beforeTest()[pri:0, instance:TestNG.TestCases@61df66b6]" started-at="2025-02-20T22:44:41 IST" name="beforeTest" finished-at="2025-02-20T22:44:41 IST" duration-ms="36" status="PASS">
          <reporter-output>
          </reporter-output>
        </test-method> <!-- beforeTest -->
        <test-method is-config="true" signature="befor()[pri:0, instance:TestNG.TestCases@61df66b6]" started-at="2025-02-20T22:44:41 IST" name="befor" finished-at="2025-02-20T22:44:41 IST" duration-ms="1" status="PASS">
          <reporter-output>
          </reporter-output>
        </test-method> <!-- befor -->
        <test-method signature="tc1()[pri:0, instance:TestNG.TestCases@61df66b6]" started-at="2025-02-20T22:44:41 IST" name="tc1" finished-at="2025-02-20T22:44:41 IST" duration-ms="4" status="PASS">
          <reporter-output>
          </reporter-output>
        </test-method> <!-- tc1 -->
        <test-method is-config="true" signature="after()[pri:0, instance:TestNG.TestCases@61df66b6]" started-at="2025-02-20T22:44:41 IST" name="after" finished-at="2025-02-20T22:44:41 IST" duration-ms="1" status="PASS">
          <reporter-output>
          </reporter-output>
        </test-method> <!-- after -->
        <test-method is-config="true" signature="befor()[pri:0, instance:TestNG.TestCases@61df66b6]" started-at="2025-02-20T22:44:41 IST" name="befor" finished-at="2025-02-20T22:44:41 IST" duration-ms="1" status="PASS">
          <reporter-output>
          </reporter-output>
        </test-method> <!-- befor -->
        <test-method signature="tc3()[pri:0, instance:TestNG.TestCases@61df66b6]" started-at="2025-02-20T22:44:41 IST" name="tc3" finished-at="2025-02-20T22:44:41 IST" duration-ms="3" status="PASS">
          <reporter-output>
          </reporter-output>
        </test-method> <!-- tc3 -->
        <test-method is-config="true" signature="after()[pri:0, instance:TestNG.TestCases@61df66b6]" started-at="2025-02-20T22:44:41 IST" name="after" finished-at="2025-02-20T22:44:41 IST" duration-ms="0" status="PASS">
          <reporter-output>
          </reporter-output>
        </test-method> <!-- after -->
        <test-method is-config="true" signature="befor()[pri:0, instance:TestNG.TestCases@61df66b6]" started-at="2025-02-20T22:44:41 IST" name="befor" finished-at="2025-02-20T22:44:41 IST" duration-ms="0" status="PASS">
          <reporter-output>
          </reporter-output>
        </test-method> <!-- befor -->
        <test-method signature="tc4()[pri:0, instance:TestNG.TestCases@61df66b6]" started-at="2025-02-20T22:44:41 IST" name="tc4" finished-at="2025-02-20T22:44:41 IST" duration-ms="9" status="PASS">
          <reporter-output>
          </reporter-output>
        </test-method> <!-- tc4 -->
        <test-method is-config="true" signature="after()[pri:0, instance:TestNG.TestCases@61df66b6]" started-at="2025-02-20T22:44:41 IST" name="after" finished-at="2025-02-20T22:44:41 IST" duration-ms="1" status="PASS">
          <reporter-output>
          </reporter-output>
        </test-method> <!-- after -->
        <test-method signature="tc5()[pri:0, instance:TestNG.TestCases@61df66b6]" started-at="2025-02-20T22:44:41 IST" name="tc5" finished-at="2025-02-20T22:44:41 IST" duration-ms="2" status="PASS">
          <reporter-output>
          </reporter-output>
        </test-method> <!-- tc5 -->
        <test-method is-config="true" signature="befor()[pri:0, instance:TestNG.TestCases@61df66b6]" started-at="2025-02-20T22:44:41 IST" name="befor" finished-at="2025-02-20T22:44:41 IST" duration-ms="0" status="PASS">
          <reporter-output>
          </reporter-output>
        </test-method> <!-- befor -->
        <test-method is-config="true" signature="after()[pri:0, instance:TestNG.TestCases@61df66b6]" started-at="2025-02-20T22:44:41 IST" name="after" finished-at="2025-02-20T22:44:41 IST" duration-ms="0" status="PASS">
          <reporter-output>
          </reporter-output>
        </test-method> <!-- after -->
        <test-method is-config="true" signature="befor()[pri:0, instance:TestNG.TestCases@61df66b6]" started-at="2025-02-20T22:44:41 IST" name="befor" finished-at="2025-02-20T22:44:41 IST" duration-ms="1" status="PASS">
          <reporter-output>
          </reporter-output>
        </test-method> <!-- befor -->
        <test-method signature="tc2()[pri:4, instance:TestNG.TestCases@61df66b6]" started-at="2025-02-20T22:44:41 IST" name="tc2" finished-at="2025-02-20T22:44:41 IST" duration-ms="5" status="PASS">
          <reporter-output>
          </reporter-output>
        </test-method> <!-- tc2 -->
        <test-method is-config="true" signature="after()[pri:0, instance:TestNG.TestCases@61df66b6]" started-at="2025-02-20T22:44:41 IST" name="after" finished-at="2025-02-20T22:44:41 IST" duration-ms="1" status="PASS">
          <reporter-output>
          </reporter-output>
        </test-method> <!-- after -->
        <test-method is-config="true" signature="afterTest()[pri:0, instance:TestNG.TestCases@61df66b6]" started-at="2025-02-20T22:44:41 IST" name="afterTest" finished-at="2025-02-20T22:44:41 IST" duration-ms="1" status="PASS">
          <reporter-output>
          </reporter-output>
        </test-method> <!-- afterTest -->
      </class> <!-- TestNG.TestCases -->
    </test> <!-- Test -->
  </suite> <!-- Suite -->
</testng-results>
