<?xml version="1.0" encoding="UTF-8"?>
<testng-results ignored="3" total="4" passed="0" failed="1" skipped="0">
  <reporter-output>
  </reporter-output>
  <suite started-at="2025-02-27T19:22:07Z" name="sanity" finished-at="2025-02-27T19:22:34Z" duration-ms="27301">
    <groups>
      <group name="sanity">
        <method signature="LoginTest.TC01_LoginFailureTest()[pri:0, instance:testcases.LoginTest@72035809]" name="TC01_LoginFailureTest" class="testcases.LoginTest"/>
        <method signature="LoginTest.TC02_LoginSuccessTest()[pri:0, instance:testcases.LoginTest@72035809]" name="TC02_LoginSuccessTest" class="testcases.LoginTest"/>
      </group> <!-- sanity -->
    </groups>
    <test started-at="2025-02-27T19:22:07Z" name="Test" finished-at="2025-02-27T19:22:34Z" duration-ms="27301">
      <class name="testcases.LoginTest">
        <test-method is-config="true" signature="SetUpExcel()[pri:0, instance:testcases.LoginTest@72035809]" started-at="2025-02-27T19:22:07Z" name="SetUpExcel" finished-at="2025-02-27T19:22:08Z" duration-ms="1072" status="PASS">
          <reporter-output>
          </reporter-output>
        </test-method> <!-- SetUpExcel -->
        <test-method is-config="true" signature="SetUpDriver()[pri:0, instance:testcases.LoginTest@72035809]" started-at="2025-02-27T19:22:08Z" name="SetUpDriver" finished-at="2025-02-27T19:22:18Z" duration-ms="10096" status="PASS">
          <reporter-output>
          </reporter-output>
        </test-method> <!-- SetUpDriver -->
        <test-method is-config="true" signature="SetUpDriver()[pri:0, instance:testcases.LoginTest@72035809]" started-at="2025-02-27T19:22:08Z" name="SetUpDriver" finished-at="2025-02-27T19:22:26Z" duration-ms="17346" status="PASS">
          <reporter-output>
          </reporter-output>
        </test-method> <!-- SetUpDriver -->
        <test-method signature="TC01_LoginFailureTest()[pri:0, instance:testcases.LoginTest@72035809]" started-at="2025-02-27T19:22:26Z" name="TC01_LoginFailureTest" description="Login failure test" finished-at="2025-02-27T19:22:31Z" duration-ms="5141" status="FAIL">
          <exception class="org.openqa.selenium.NoSuchElementException">
            <message>
              <![CDATA[no such element: Unable to locate element: {"method":"link text","selector":"Login"}
  (Session info: chrome=133.0.6943.127)
For documentation on this error, please visit: https://www.selenium.dev/documentation/webdriver/troubleshooting/errors#no-such-element-exception
Build info: version: '4.21.0', revision: '79ed462ef4'
System info: os.name: 'Windows 10', os.arch: 'amd64', os.version: '10.0', java.version: '22'
Driver info: org.openqa.selenium.chrome.ChromeDriver
Command: [c0272fff9e39a722671a856a9a28c6ab, findElement {using=link text, value=Login}]
Capabilities {acceptInsecureCerts: false, browserName: chrome, browserVersion: 133.0.6943.127, chrome: {chromedriverVersion: 133.0.6943.141 (2a5d6da0d61..., userDataDir: C:\Users\A-JAY\AppData\Loca...}, fedcm:accounts: true, goog:chromeOptions: {debuggerAddress: localhost:51172}, networkConnectionEnabled: false, pageLoadStrategy: normal, platformName: windows, proxy: Proxy(), se:cdp: ws://localhost:51172/devtoo..., se:cdpVersion: 133.0.6943.127, setWindowRect: true, strictFileInteractability: false, timeouts: {implicit: 0, pageLoad: 300000, script: 30000}, unhandledPromptBehavior: dismiss and notify, webauthn:extension:credBlob: true, webauthn:extension:largeBlob: true, webauthn:extension:minPinLength: true, webauthn:extension:prf: true, webauthn:virtualAuthenticators: true}
Session ID: c0272fff9e39a722671a856a9a28c6ab]]>
            </message>
            <full-stacktrace>
              <![CDATA[org.openqa.selenium.NoSuchElementException: no such element: Unable to locate element: {"method":"link text","selector":"Login"}
  (Session info: chrome=133.0.6943.127)
For documentation on this error, please visit: https://www.selenium.dev/documentation/webdriver/troubleshooting/errors#no-such-element-exception
Build info: version: '4.21.0', revision: '79ed462ef4'
System info: os.name: 'Windows 10', os.arch: 'amd64', os.version: '10.0', java.version: '22'
Driver info: org.openqa.selenium.chrome.ChromeDriver
Command: [c0272fff9e39a722671a856a9a28c6ab, findElement {using=link text, value=Login}]
Capabilities {acceptInsecureCerts: false, browserName: chrome, browserVersion: 133.0.6943.127, chrome: {chromedriverVersion: 133.0.6943.141 (2a5d6da0d61..., userDataDir: C:\Users\A-JAY\AppData\Loca...}, fedcm:accounts: true, goog:chromeOptions: {debuggerAddress: localhost:51172}, networkConnectionEnabled: false, pageLoadStrategy: normal, platformName: windows, proxy: Proxy(), se:cdp: ws://localhost:51172/devtoo..., se:cdpVersion: 133.0.6943.127, setWindowRect: true, strictFileInteractability: false, timeouts: {implicit: 0, pageLoad: 300000, script: 30000}, unhandledPromptBehavior: dismiss and notify, webauthn:extension:credBlob: true, webauthn:extension:largeBlob: true, webauthn:extension:minPinLength: true, webauthn:extension:prf: true, webauthn:virtualAuthenticators: true}
Session ID: c0272fff9e39a722671a856a9a28c6ab
at java.base/jdk.internal.reflect.DirectConstructorHandleAccessor.newInstance(DirectConstructorHandleAccessor.java:62)
at java.base/java.lang.reflect.Constructor.newInstanceWithCaller(Constructor.java:502)
at java.base/java.lang.reflect.Constructor.newInstance(Constructor.java:486)
at org.openqa.selenium.remote.ErrorCodec.decode(ErrorCodec.java:167)
at org.openqa.selenium.remote.codec.w3c.W3CHttpResponseCodec.decode(W3CHttpResponseCodec.java:138)
at org.openqa.selenium.remote.codec.w3c.W3CHttpResponseCodec.decode(W3CHttpResponseCodec.java:50)
at org.openqa.selenium.remote.HttpCommandExecutor.execute(HttpCommandExecutor.java:190)
at org.openqa.selenium.remote.service.DriverCommandExecutor.invokeExecute(DriverCommandExecutor.java:216)
at org.openqa.selenium.remote.service.DriverCommandExecutor.execute(DriverCommandExecutor.java:174)
at org.openqa.selenium.remote.RemoteWebDriver.execute(RemoteWebDriver.java:518)
at org.openqa.selenium.remote.ElementLocation$ElementFinder$2.findElement(ElementLocation.java:165)
at org.openqa.selenium.remote.ElementLocation.findElement(ElementLocation.java:59)
at org.openqa.selenium.remote.RemoteWebDriver.findElement(RemoteWebDriver.java:355)
at org.openqa.selenium.remote.RemoteWebDriver.findElement(RemoteWebDriver.java:349)
at org.openqa.selenium.support.pagefactory.DefaultElementLocator.findElement(DefaultElementLocator.java:68)
at org.openqa.selenium.support.pagefactory.internal.LocatingElementHandler.invoke(LocatingElementHandler.java:38)
at jdk.proxy2/jdk.proxy2.$Proxy15.click(Unknown Source)
at pages.LoginPage.LoginFunction(LoginPage.java:48)
at testcases.LoginTest.TC01_LoginFailureTest(LoginTest.java:22)
at java.base/jdk.internal.reflect.DirectMethodHandleAccessor.invoke(DirectMethodHandleAccessor.java:103)
at java.base/java.lang.reflect.Method.invoke(Method.java:580)
at org.testng.internal.MethodInvocationHelper.invokeMethod(MethodInvocationHelper.java:124)
at org.testng.internal.Invoker.invokeMethod(Invoker.java:583)
at org.testng.internal.Invoker.invokeTestMethod(Invoker.java:719)
at org.testng.internal.Invoker.invokeTestMethods(Invoker.java:989)
at org.testng.internal.TestMethodWorker.invokeTestMethods(TestMethodWorker.java:125)
at org.testng.internal.TestMethodWorker.run(TestMethodWorker.java:109)
at java.base/java.util.concurrent.ThreadPoolExecutor.runWorker(ThreadPoolExecutor.java:1144)
at java.base/java.util.concurrent.ThreadPoolExecutor$Worker.run(ThreadPoolExecutor.java:642)
at java.base/java.lang.Thread.run(Thread.java:1570)
]]>
            </full-stacktrace>
          </exception> <!-- org.openqa.selenium.NoSuchElementException -->
          <reporter-output>
          </reporter-output>
        </test-method> <!-- TC01_LoginFailureTest -->
        <test-method is-config="true" signature="TearDown()[pri:0, instance:testcases.LoginTest@72035809]" started-at="2025-02-27T19:22:34Z" name="TearDown" finished-at="2025-02-27T19:22:34Z" duration-ms="906" status="PASS">
          <reporter-output>
          </reporter-output>
        </test-method> <!-- TearDown -->
        <test-method is-config="true" signature="CloseExcel()[pri:0, instance:testcases.LoginTest@72035809]" started-at="2025-02-27T19:22:34Z" name="CloseExcel" finished-at="2025-02-27T19:22:34Z" duration-ms="1" status="PASS">
          <reporter-output>
          </reporter-output>
        </test-method> <!-- CloseExcel -->
      </class> <!-- testcases.LoginTest -->
    </test> <!-- Test -->
  </suite> <!-- sanity -->
</testng-results>
