<?xml version="1.0" encoding="UTF-8"?>
<testng-results ignored="4" total="5" passed="1" failed="0" skipped="0">
  <reporter-output>
  </reporter-output>
  <suite started-at="2025-02-20T00:16:44 IST" name="Default suite" finished-at="2025-02-20T00:16:44 IST" duration-ms="172">
    <groups>
      <group name="regression">
        <method signature="TestCases.tc1()[pri:0, instance:TestNG.TestCases@1a6d8329]" name="tc1" class="TestNG.TestCases"/>
      </group> <!-- regression -->
      <group name="sanity">
        <method signature="TestCases.tc1()[pri:0, instance:TestNG.TestCases@1a6d8329]" name="tc1" class="TestNG.TestCases"/>
      </group> <!-- sanity -->
    </groups>
    <test started-at="2025-02-20T00:16:44 IST" name="Default test" finished-at="2025-02-20T00:16:44 IST" duration-ms="172">
      <class name="TestNG.TestCases">
        <test-method is-config="true" signature="beforeTest()[pri:0, instance:TestNG.TestCases@1a6d8329]" started-at="2025-02-20T00:16:44 IST" name="beforeTest" finished-at="2025-02-20T00:16:44 IST" duration-ms="21" status="PASS">
          <reporter-output>
          </reporter-output>
        </test-method> <!-- beforeTest -->
        <test-method is-config="true" signature="befor()[pri:0, instance:TestNG.TestCases@1a6d8329]" started-at="2025-02-20T00:16:44 IST" name="befor" finished-at="2025-02-20T00:16:44 IST" duration-ms="1" status="PASS">
          <reporter-output>
          </reporter-output>
        </test-method> <!-- befor -->
        <test-method signature="tc1()[pri:0, instance:TestNG.TestCases@1a6d8329]" started-at="2025-02-20T00:16:44 IST" name="tc1" finished-at="2025-02-20T00:16:44 IST" duration-ms="11" status="PASS">
          <reporter-output>
          </reporter-output>
        </test-method> <!-- tc1 -->
        <test-method is-config="true" signature="after()[pri:0, instance:TestNG.TestCases@1a6d8329]" started-at="2025-02-20T00:16:44 IST" name="after" finished-at="2025-02-20T00:16:44 IST" duration-ms="3" status="PASS">
          <reporter-output>
          </reporter-output>
        </test-method> <!-- after -->
        <test-method is-config="true" signature="afterTest()[pri:0, instance:TestNG.TestCases@1a6d8329]" started-at="2025-02-20T00:16:44 IST" name="afterTest" finished-at="2025-02-20T00:16:44 IST" duration-ms="1" status="PASS">
          <reporter-output>
          </reporter-output>
        </test-method> <!-- afterTest -->
      </class> <!-- TestNG.TestCases -->
    </test> <!-- Default test -->
  </suite> <!-- Default suite -->
</testng-results>
