<?xml version="1.0" encoding="UTF-8"?>
<!-- Generated by org.testng.reporters.JUnitReportReporter -->
<testsuite hostname="DESKTOP-PAVFC2D" failures="0" tests="5" name="TestNG.TestCases2" time="0.133" errors="0" timestamp="2024-07-20T22:04:42 IST" skipped="0">
  <testcase classname="TestNG.TestCases2" name="tc5" time="0.035"/>
  <system-out/>
  <testcase classname="TestNG.TestCases2" name="tc1" time="0.031"/>
  <system-out/>
  <testcase classname="TestNG.TestCases2" name="tc4" time="0.017"/>
  <system-out/>
  <testcase classname="TestNG.TestCases2" name="tc3" time="0.012"/>
  <system-out/>
  <testcase classname="TestNG.TestCases2" name="tc2" time="0.038"/>
  <system-out/>
</testsuite> <!-- TestNG.TestCases2 -->
