<?xml version="1.0" encoding="UTF-8"?>
<!-- Generated by org.testng.reporters.JUnitReportReporter -->
<testsuite hostname="DESKTOP-PAVFC2D" failures="0" tests="5" name="TestNG.TestCases2" time="0.013" errors="0" timestamp="2025-02-20T22:44:42 IST" skipped="0">
  <testcase classname="TestNG.TestCases2" name="tc3" time="0.004"/>
  <system-out/>
  <testcase classname="TestNG.TestCases2" name="tc1" time="0.003"/>
  <system-out/>
  <testcase classname="TestNG.TestCases2" name="tc4" time="0.002"/>
  <system-out/>
  <testcase classname="TestNG.TestCases2" name="tc5" time="0.001"/>
  <system-out/>
  <testcase classname="TestNG.TestCases2" name="tc2" time="0.003"/>
  <system-out/>
</testsuite> <!-- TestNG.TestCases2 -->
